<?xml version="1.0" encoding="UTF-8"?>
<testng-results skipped="0" failed="0" ignored="0" total="1" passed="1">
  <reporter-output>
  </reporter-output>
  <suite name="Default suite" duration-ms="164829" started-at="2017-09-25T10:13:50Z" finished-at="2017-09-25T10:16:35Z">
    <groups>
    </groups>
    <test name="Default test" duration-ms="164829" started-at="2017-09-25T10:13:50Z" finished-at="2017-09-25T10:16:35Z">
      <class name="IncidentNearMiss.IncidentReportTest">
        <test-method status="PASS" signature="initialioseBrowser()[pri:0, instance:IncidentNearMiss.IncidentReportTest@1698ee84]" name="initialioseBrowser" is-config="true" duration-ms="42862" started-at="2017-09-25T15:43:07Z" finished-at="2017-09-25T15:43:50Z">
          <reporter-output>
          </reporter-output>
        </test-method> <!-- initialioseBrowser -->
        <test-method status="PASS" signature="beforeSu()[pri:0, instance:IncidentNearMiss.IncidentReportTest@1698ee84]" name="beforeSu" is-config="true" duration-ms="93" started-at="2017-09-25T15:43:50Z" depends-on-methods="common_Function.WebDriverPass.initialioseBrowser" finished-at="2017-09-25T15:43:50Z">
          <reporter-output>
          </reporter-output>
        </test-method> <!-- beforeSu -->
        <test-method status="PASS" signature="IncidentReports()[pri:1, instance:IncidentNearMiss.IncidentReportTest@1698ee84]" name="IncidentReports" duration-ms="164594" started-at="2017-09-25T15:43:50Z" finished-at="2017-09-25T15:46:35Z">
          <reporter-output>
          </reporter-output>
        </test-method> <!-- IncidentReports -->
        <test-method status="PASS" signature="afterMethod(org.testng.ITestResult)[pri:0, instance:IncidentNearMiss.IncidentReportTest@1698ee84]" name="afterMethod" is-config="true" duration-ms="219" started-at="2017-09-25T15:46:35Z" finished-at="2017-09-25T15:46:35Z">
          <params>
            <param index="0">
              <value>
                <![CDATA[[TestResult name=IncidentReports status=SUCCESS method=IncidentReportTest.IncidentReports()[pri:1, instance:IncidentNearMiss.IncidentReportTest@1698ee84] output={null}]]]>
              </value>
            </param>
          </params>
          <reporter-output>
          </reporter-output>
        </test-method> <!-- afterMethod -->
        <test-method status="PASS" signature="afterSu()[pri:0, instance:IncidentNearMiss.IncidentReportTest@1698ee84]" name="afterSu" is-config="true" duration-ms="31" started-at="2017-09-25T15:46:35Z" finished-at="2017-09-25T15:46:35Z">
          <reporter-output>
          </reporter-output>
        </test-method> <!-- afterSu -->
        <test-method status="PASS" signature="closeBrowser()[pri:0, instance:IncidentNearMiss.IncidentReportTest@1698ee84]" name="closeBrowser" is-config="true" duration-ms="811" started-at="2017-09-25T15:46:35Z" depends-on-methods="IncidentNearMiss.IncidentReportTest.afterSu" finished-at="2017-09-25T15:46:36Z">
          <reporter-output>
          </reporter-output>
        </test-method> <!-- closeBrowser -->
      </class> <!-- IncidentNearMiss.IncidentReportTest -->
    </test> <!-- Default test -->
  </suite> <!-- Default suite -->
</testng-results>
